<?xml version="1.0" encoding="UTF-8"?>
<!-- Generated by org.testng.reporters.JUnitXMLReporter -->
<testsuite ignored="0" hostname="LAPTOP-55KH0OII" failures="0" tests="3" name="Default test" time="19.833" errors="0" timestamp="2023-01-23T21:53:17 IST">
  <testcase classname="mypackage.NewTest" name="f" time="8.141"/>
  <testcase classname="mypackage.NewTest" name="launchBrowser" time="10.393"/>
  <testcase classname="mypackage.NewTest" name="closeBrowser" time="1.192"/>
</testsuite> <!-- Default test -->
